A51 MACRO ASSEMBLER  Q2                                                                   10/23/2020 21:21:00 PAGE     1


MACRO ASSEMBLER A51 V8.2.7.0
OBJECT MODULE PLACED IN .\Objects\q2.obj
ASSEMBLER INVOKED BY: D:\c51keil\C51\BIN\A51.EXE q2.asm SET(SMALL) DEBUG PRINT(.\Listings\q2.lst) OBJECT(.\Objects\q2.ob
                      j) EP

LOC  OBJ            LINE     SOURCE

0000                   1             ORG 0000H
0000 75F010            2         MOV B, #10H     ;ª˘ 
0003 787A              3         MOV R0, #7AH
0005 797B              4         MOV R1, #7BH
0007 7481              5             MOV A, #81H
                       6     
0009 FA                7         MOV R2, A  ; «Â¡„
000A 7400              8         MOV A, #00H
000C F2                9         MOVX @R0, A
000D F3               10         MOVX @R1, A
000E EA               11         MOV A, R2
                      12     
                      13     
000F 84               14         DIV AB ; »°Œª
0010 F3               15         MOVX @R1, A
0011 E5F0             16         MOV A, B
0013 F2               17         MOVX @R0, A
0014 E2               18             MOVX A, @R0
0015 E3               19             MOVX A, @R1
                      20         END
A51 MACRO ASSEMBLER  Q2                                                                   10/23/2020 21:21:00 PAGE     2

SYMBOL TABLE LISTING
------ ----- -------


N A M E             T Y P E  V A L U E   ATTRIBUTES

B. . . . . . . . .  D ADDR   00F0H   A   


REGISTER BANK(S) USED: 0 


ASSEMBLY COMPLETE.  0 WARNING(S), 0 ERROR(S)
